2022-04-03 20:47:32,655:INFO:PyCaret Supervised Module
2022-04-03 20:47:32,655:INFO:ML Usecase: regression
2022-04-03 20:47:32,655:INFO:version 2.2.2
2022-04-03 20:47:32,655:INFO:Initializing setup()
2022-04-03 20:47:32,655:INFO:setup(target=medv, ml_usecase=regression, available_plots={'parameter': 'Hyperparameters', 'residuals': 'Residuals', 'error': 'Prediction Error', 'cooks': 'Cooks Distance', 'rfe': 'Feature Selection', 'learning': 'Learning Curve', 'manifold': 'Manifold Learning', 'vc': 'Validation Curve', 'feature': 'Feature Importance', 'feature_all': 'Feature Importance (All)', 'tree': 'Decision Tree'}, train_size=0.7, test_data=None, preprocess=True, imputation_type=simple, iterative_imputation_iters=5, categorical_features=None, categorical_imputation=constant, categorical_iterative_imputer=lightgbm, ordinal_features=None, high_cardinality_features=None, high_cardinality_method=frequency, numeric_features=None, numeric_imputation=mean, numeric_iterative_imputer=lightgbm, date_features=None, ignore_features=None, normalize=False, normalize_method=zscore, transformation=False, transformation_method=yeo-johnson, handle_unknown_categorical=True, unknown_categorical_method=least_frequent, pca=False, pca_method=linear, pca_components=None, ignore_low_variance=False, combine_rare_levels=False, rare_level_threshold=0.1, bin_numeric_features=None, remove_outliers=False, outliers_threshold=0.05, remove_multicollinearity=False, multicollinearity_threshold=0.9, remove_perfect_collinearity=True, create_clusters=False, cluster_iter=20, polynomial_features=False, polynomial_degree=2, trigonometry_features=False, polynomial_threshold=0.1, group_features=None, group_names=None, feature_selection=False, feature_selection_threshold=0.8, feature_selection_method=classic, feature_interaction=False, feature_ratio=False, interaction_threshold=0.01, fix_imbalance=False, fix_imbalance_method=None, transform_target=False, transform_target_method=box-cox, data_split_shuffle=True, data_split_stratify=False, fold_strategy=kfold, fold=10, fold_shuffle=False, fold_groups=None, n_jobs=-1, use_gpu=False, custom_pipeline=None, html=True, session_id=None, log_experiment=False, experiment_name=None, log_plots=False, log_profile=False, log_data=False, silent=False, verbose=True, profile=False, profile_kwargs=None, display=None)
2022-04-03 20:47:32,655:INFO:Checking environment
2022-04-03 20:47:32,655:INFO:python_version: 3.9.7
2022-04-03 20:47:32,655:INFO:python_build: ('default', 'Sep 16 2021 08:50:36')
2022-04-03 20:47:32,655:INFO:machine: x86_64
2022-04-03 20:47:32,655:INFO:platform: macOS-10.16-x86_64-i386-64bit
2022-04-03 20:47:32,655:INFO:Memory: svmem(total=17179869184, available=1396269056, percent=91.9, used=1756864512, free=114966528, active=1278005248, inactive=1247887360, wired=478859264)
2022-04-03 20:47:32,656:INFO:Physical Core: 8
2022-04-03 20:47:32,656:INFO:Logical Core: 8
2022-04-03 20:47:32,656:INFO:Checking libraries
2022-04-03 20:47:32,656:INFO:pd==1.4.2
2022-04-03 20:47:32,656:INFO:numpy==1.21.5
2022-04-03 20:47:32,656:INFO:sklearn==0.23.2
2022-04-03 20:47:33,066:WARNING:xgboost not found
2022-04-03 20:47:33,066:INFO:lightgbm==3.3.2
2022-04-03 20:47:34,570:INFO:catboost==1.0.4
2022-04-03 20:47:35,245:INFO:mlflow==1.24.0
2022-04-03 20:47:35,245:INFO:Checking Exceptions
2022-04-03 20:47:35,245:INFO:Declaring global variables
2022-04-03 20:47:35,245:INFO:USI: db3e
2022-04-03 20:47:35,245:INFO:pycaret_globals: {'fix_imbalance_param', 'fold_groups_param', 'imputation_classifier', '_all_models', 'X_test', 'y_train', 'fold_param', '_all_models_internal', 'master_model_container', '_all_metrics', 'log_plots_param', 'stratify_param', 'fix_imbalance_method_param', 'X', 'display_container', 'pycaret_globals', 'iterative_imputation_iters_param', 'prep_pipe', '_ml_usecase', 'transform_target_param', 'transform_target_method_param', 'html_param', 'logging_param', 'fold_generator', 'USI', 'seed', 'data_before_preprocess', '_gpu_n_jobs_param', 'fold_shuffle_param', 'X_train', 'imputation_regressor', '_available_plots', '_internal_pipeline', 'experiment__', 'target_param', 'y_test', 'create_model_container', 'gpu_param', 'y', 'exp_name_log', 'n_jobs_param'}
2022-04-03 20:47:35,245:INFO:Preparing display monitor
2022-04-03 20:47:35,246:INFO:Preparing display monitor
2022-04-03 20:47:35,253:INFO:Importing libraries
2022-04-03 20:47:35,253:INFO:Copying data for preprocessing
2022-04-03 20:47:35,257:INFO:Declaring preprocessing parameters
2022-04-03 20:47:35,259:INFO:Creating preprocessing pipeline
2022-04-03 20:47:35,265:INFO:Preprocessing pipeline created successfully
2022-04-03 20:47:35,265:ERROR:(Process Exit): setup has been interupted with user command 'quit'. setup must rerun.
2022-04-03 20:47:35,266:INFO:Creating global containers
2022-04-03 20:47:35,266:INFO:Internal pipeline: Pipeline(memory=None, steps=[('empty_step', 'passthrough')], verbose=False)
2022-04-03 20:54:01,597:INFO:PyCaret Supervised Module
2022-04-03 20:54:01,598:INFO:ML Usecase: regression
2022-04-03 20:54:01,598:INFO:version 2.2.2
2022-04-03 20:54:01,598:INFO:Initializing setup()
2022-04-03 20:54:01,599:INFO:setup(target=medv, ml_usecase=regression, available_plots={'parameter': 'Hyperparameters', 'residuals': 'Residuals', 'error': 'Prediction Error', 'cooks': 'Cooks Distance', 'rfe': 'Feature Selection', 'learning': 'Learning Curve', 'manifold': 'Manifold Learning', 'vc': 'Validation Curve', 'feature': 'Feature Importance', 'feature_all': 'Feature Importance (All)', 'tree': 'Decision Tree'}, train_size=0.7, test_data=None, preprocess=True, imputation_type=simple, iterative_imputation_iters=5, categorical_features=None, categorical_imputation=constant, categorical_iterative_imputer=lightgbm, ordinal_features=None, high_cardinality_features=None, high_cardinality_method=frequency, numeric_features=None, numeric_imputation=mean, numeric_iterative_imputer=lightgbm, date_features=None, ignore_features=None, normalize=False, normalize_method=zscore, transformation=False, transformation_method=yeo-johnson, handle_unknown_categorical=True, unknown_categorical_method=least_frequent, pca=False, pca_method=linear, pca_components=None, ignore_low_variance=False, combine_rare_levels=False, rare_level_threshold=0.1, bin_numeric_features=None, remove_outliers=False, outliers_threshold=0.05, remove_multicollinearity=False, multicollinearity_threshold=0.9, remove_perfect_collinearity=True, create_clusters=False, cluster_iter=20, polynomial_features=False, polynomial_degree=2, trigonometry_features=False, polynomial_threshold=0.1, group_features=None, group_names=None, feature_selection=False, feature_selection_threshold=0.8, feature_selection_method=classic, feature_interaction=False, feature_ratio=False, interaction_threshold=0.01, fix_imbalance=False, fix_imbalance_method=None, transform_target=False, transform_target_method=box-cox, data_split_shuffle=True, data_split_stratify=False, fold_strategy=kfold, fold=10, fold_shuffle=False, fold_groups=None, n_jobs=-1, use_gpu=False, custom_pipeline=None, html=True, session_id=None, log_experiment=False, experiment_name=None, log_plots=False, log_profile=False, log_data=False, silent=False, verbose=True, profile=False, profile_kwargs=None, display=None)
2022-04-03 20:54:01,599:INFO:Checking environment
2022-04-03 20:54:01,599:INFO:python_version: 3.9.7
2022-04-03 20:54:01,599:INFO:python_build: ('default', 'Sep 16 2021 08:50:36')
2022-04-03 20:54:01,599:INFO:machine: x86_64
2022-04-03 20:54:01,599:INFO:platform: macOS-10.16-x86_64-i386-64bit
2022-04-03 20:54:01,599:INFO:Memory: svmem(total=17179869184, available=1346461696, percent=92.2, used=1750474752, free=50073600, active=1298718720, inactive=1292394496, wired=451756032)
2022-04-03 20:54:01,599:INFO:Physical Core: 8
2022-04-03 20:54:01,600:INFO:Logical Core: 8
2022-04-03 20:54:01,600:INFO:Checking libraries
2022-04-03 20:54:01,600:INFO:pd==1.4.2
2022-04-03 20:54:01,600:INFO:numpy==1.21.5
2022-04-03 20:54:01,600:INFO:sklearn==0.23.2
2022-04-03 20:54:01,956:INFO:xgboost==1.5.2
2022-04-03 20:54:01,956:INFO:lightgbm==3.3.2
2022-04-03 20:54:01,956:INFO:catboost==1.0.4
2022-04-03 20:54:01,956:INFO:mlflow==1.24.0
2022-04-03 20:54:01,956:INFO:Checking Exceptions
2022-04-03 20:54:01,956:INFO:Declaring global variables
2022-04-03 20:54:01,956:INFO:USI: 6205
2022-04-03 20:54:01,956:INFO:pycaret_globals: {'fix_imbalance_param', 'fold_groups_param', 'imputation_classifier', '_all_models', 'X_test', 'y_train', 'fold_param', '_all_models_internal', 'master_model_container', '_all_metrics', 'log_plots_param', 'stratify_param', 'fix_imbalance_method_param', 'X', 'display_container', 'pycaret_globals', 'iterative_imputation_iters_param', 'prep_pipe', '_ml_usecase', 'transform_target_param', 'transform_target_method_param', 'html_param', 'logging_param', 'fold_generator', 'USI', 'seed', 'data_before_preprocess', '_gpu_n_jobs_param', 'fold_shuffle_param', 'X_train', 'imputation_regressor', '_available_plots', '_internal_pipeline', 'experiment__', 'target_param', 'y_test', 'create_model_container', 'gpu_param', 'y', 'exp_name_log', 'n_jobs_param'}
2022-04-03 20:54:01,956:INFO:Preparing display monitor
2022-04-03 20:54:01,957:INFO:Preparing display monitor
2022-04-03 20:54:01,963:INFO:Importing libraries
2022-04-03 20:54:01,963:INFO:Copying data for preprocessing
2022-04-03 20:54:01,966:INFO:Declaring preprocessing parameters
2022-04-03 20:54:01,967:INFO:Creating preprocessing pipeline
2022-04-03 20:54:01,970:INFO:Preprocessing pipeline created successfully
2022-04-03 20:54:01,970:ERROR:(Process Exit): setup has been interupted with user command 'quit'. setup must rerun.
2022-04-03 20:54:01,971:INFO:Creating global containers
2022-04-03 20:54:01,971:INFO:Internal pipeline: Pipeline(memory=None, steps=[('empty_step', 'passthrough')], verbose=False)
2022-04-03 20:54:04,473:INFO:Creating grid variables
2022-04-03 20:54:04,481:INFO:create_model_container: 0
2022-04-03 20:54:04,481:INFO:master_model_container: 0
2022-04-03 20:54:04,481:INFO:display_container: 0
2022-04-03 20:54:04,484:INFO:Pipeline(memory=None,
         steps=[('dtypes',
                 DataTypes_Auto_infer(categorical_features=[],
                                      display_types=True, features_todrop=[],
                                      id_columns=[], ml_usecase='regression',
                                      numerical_features=[], target='medv',
                                      time_features=[])),
                ('imputer',
                 Simple_Imputer(categorical_strategy='not_available',
                                fill_value_categorical=None,
                                fill_value_numerical=None,
                                numeric_strategy='m...
                ('scaling', 'passthrough'), ('P_transform', 'passthrough'),
                ('binn', 'passthrough'), ('rem_outliers', 'passthrough'),
                ('cluster_all', 'passthrough'),
                ('dummy', Dummify(target='medv')),
                ('fix_perfect', Remove_100(target='medv')),
                ('clean_names', Clean_Colum_Names()),
                ('feature_select', 'passthrough'), ('fix_multi', 'passthrough'),
                ('dfs', 'passthrough'), ('pca', 'passthrough')],
         verbose=False)
2022-04-03 20:54:04,484:INFO:setup() succesfully completed......................................
2022-04-03 20:57:34,453:INFO:Initializing compare_models()
2022-04-03 20:57:34,454:INFO:compare_models(include=None, fold=None, round=4, cross_validation=True, sort=R2, n_select=1, budget_time=None, turbo=True, errors=ignore, fit_kwargs=None, groups=None, verbose=True, display=None, exclude=None)
2022-04-03 20:57:34,454:INFO:Checking exceptions
2022-04-03 20:57:34,455:INFO:Preparing display monitor
2022-04-03 20:57:34,455:INFO:Preparing display monitor
2022-04-03 20:57:34,488:INFO:Initializing Linear Regression
2022-04-03 20:57:34,489:INFO:Total runtime is 2.6146570841471354e-06 minutes
2022-04-03 20:57:34,495:INFO:SubProcess create_model() called ==================================
2022-04-03 20:57:34,495:INFO:Initializing create_model()
2022-04-03 20:57:34,496:INFO:create_model(estimator=lr, fold=KFold(n_splits=10, random_state=8545, shuffle=False), round=4, cross_validation=True, predict=True, fit_kwargs={}, groups=None, refit=False, verbose=False, system=False, metrics=None, display=<pycaret.internal.Display.Display object at 0x7fc74037a2e0>, kwargs={})
2022-04-03 20:57:34,496:INFO:Checking exceptions
2022-04-03 20:57:34,496:INFO:Importing libraries
2022-04-03 20:57:34,496:INFO:Copying training dataset
2022-04-03 20:57:34,497:INFO:Defining folds
2022-04-03 20:57:34,497:INFO:Declaring metric variables
2022-04-03 20:57:34,504:INFO:Importing untrained model
2022-04-03 20:57:34,509:INFO:Linear Regression Imported succesfully
2022-04-03 20:57:34,518:INFO:Starting cross validation
2022-04-03 20:57:34,523:INFO:Cross validating with KFold(n_splits=10, random_state=8545, shuffle=False), n_jobs=-1
2022-04-03 20:57:36,789:INFO:Calculating mean and std
2022-04-03 20:57:36,791:INFO:Creating metrics dataframe
2022-04-03 20:57:36,819:INFO:Uploading results into container
2022-04-03 20:57:36,819:INFO:Uploading model into container now
2022-04-03 20:57:36,819:INFO:create_model_container: 1
2022-04-03 20:57:36,819:INFO:master_model_container: 1
2022-04-03 20:57:36,819:INFO:display_container: 1
2022-04-03 20:57:36,819:INFO:LinearRegression(copy_X=True, fit_intercept=True, n_jobs=-1, normalize=False)
2022-04-03 20:57:36,820:INFO:create_model() succesfully completed......................................
2022-04-03 20:57:36,929:INFO:SubProcess create_model() end ==================================
2022-04-03 20:57:36,929:INFO:Creating metrics dataframe
2022-04-03 20:57:36,941:INFO:Initializing Lasso Regression
2022-04-03 20:57:36,941:INFO:Total runtime is 0.040872414906819664 minutes
2022-04-03 20:57:36,945:INFO:SubProcess create_model() called ==================================
2022-04-03 20:57:36,945:INFO:Initializing create_model()
2022-04-03 20:57:36,945:INFO:create_model(estimator=lasso, fold=KFold(n_splits=10, random_state=8545, shuffle=False), round=4, cross_validation=True, predict=True, fit_kwargs={}, groups=None, refit=False, verbose=False, system=False, metrics=None, display=<pycaret.internal.Display.Display object at 0x7fc74037a2e0>, kwargs={})
2022-04-03 20:57:36,945:INFO:Checking exceptions
2022-04-03 20:57:36,945:INFO:Importing libraries
2022-04-03 20:57:36,946:INFO:Copying training dataset
2022-04-03 20:57:36,946:INFO:Defining folds
2022-04-03 20:57:36,946:INFO:Declaring metric variables
2022-04-03 20:57:36,950:INFO:Importing untrained model
2022-04-03 20:57:36,954:INFO:Lasso Regression Imported succesfully
2022-04-03 20:57:36,962:INFO:Starting cross validation
2022-04-03 20:57:36,963:INFO:Cross validating with KFold(n_splits=10, random_state=8545, shuffle=False), n_jobs=-1
2022-04-03 20:57:36,991:INFO:Calculating mean and std
2022-04-03 20:57:36,991:INFO:Creating metrics dataframe
2022-04-03 20:57:37,005:INFO:Uploading results into container
2022-04-03 20:57:37,006:INFO:Uploading model into container now
2022-04-03 20:57:37,006:INFO:create_model_container: 2
2022-04-03 20:57:37,006:INFO:master_model_container: 2
2022-04-03 20:57:37,006:INFO:display_container: 1
2022-04-03 20:57:37,006:INFO:Lasso(alpha=1.0, copy_X=True, fit_intercept=True, max_iter=1000,
      normalize=False, positive=False, precompute=False, random_state=8545,
      selection='cyclic', tol=0.0001, warm_start=False)
2022-04-03 20:57:37,006:INFO:create_model() succesfully completed......................................
2022-04-03 20:57:37,093:INFO:SubProcess create_model() end ==================================
2022-04-03 20:57:37,093:INFO:Creating metrics dataframe
2022-04-03 20:57:37,106:INFO:Initializing Ridge Regression
2022-04-03 20:57:37,106:INFO:Total runtime is 0.04362346728642782 minutes
2022-04-03 20:57:37,109:INFO:SubProcess create_model() called ==================================
2022-04-03 20:57:37,110:INFO:Initializing create_model()
2022-04-03 20:57:37,110:INFO:create_model(estimator=ridge, fold=KFold(n_splits=10, random_state=8545, shuffle=False), round=4, cross_validation=True, predict=True, fit_kwargs={}, groups=None, refit=False, verbose=False, system=False, metrics=None, display=<pycaret.internal.Display.Display object at 0x7fc74037a2e0>, kwargs={})
2022-04-03 20:57:37,110:INFO:Checking exceptions
2022-04-03 20:57:37,110:INFO:Importing libraries
2022-04-03 20:57:37,110:INFO:Copying training dataset
2022-04-03 20:57:37,110:INFO:Defining folds
2022-04-03 20:57:37,110:INFO:Declaring metric variables
2022-04-03 20:57:37,114:INFO:Importing untrained model
2022-04-03 20:57:37,119:INFO:Ridge Regression Imported succesfully
2022-04-03 20:57:37,135:INFO:Starting cross validation
2022-04-03 20:57:37,135:INFO:Cross validating with KFold(n_splits=10, random_state=8545, shuffle=False), n_jobs=-1
2022-04-03 20:57:37,159:INFO:Calculating mean and std
2022-04-03 20:57:37,160:INFO:Creating metrics dataframe
2022-04-03 20:57:37,174:INFO:Uploading results into container
2022-04-03 20:57:37,174:INFO:Uploading model into container now
2022-04-03 20:57:37,174:INFO:create_model_container: 3
2022-04-03 20:57:37,174:INFO:master_model_container: 3
2022-04-03 20:57:37,174:INFO:display_container: 1
2022-04-03 20:57:37,175:INFO:Ridge(alpha=1.0, copy_X=True, fit_intercept=True, max_iter=None,
      normalize=False, random_state=8545, solver='auto', tol=0.001)
2022-04-03 20:57:37,175:INFO:create_model() succesfully completed......................................
2022-04-03 20:57:37,262:INFO:SubProcess create_model() end ==================================
2022-04-03 20:57:37,262:INFO:Creating metrics dataframe
2022-04-03 20:57:37,274:INFO:Initializing Elastic Net
2022-04-03 20:57:37,274:INFO:Total runtime is 0.04642089605331421 minutes
2022-04-03 20:57:37,277:INFO:SubProcess create_model() called ==================================
2022-04-03 20:57:37,278:INFO:Initializing create_model()
2022-04-03 20:57:37,278:INFO:create_model(estimator=en, fold=KFold(n_splits=10, random_state=8545, shuffle=False), round=4, cross_validation=True, predict=True, fit_kwargs={}, groups=None, refit=False, verbose=False, system=False, metrics=None, display=<pycaret.internal.Display.Display object at 0x7fc74037a2e0>, kwargs={})
2022-04-03 20:57:37,278:INFO:Checking exceptions
2022-04-03 20:57:37,278:INFO:Importing libraries
2022-04-03 20:57:37,278:INFO:Copying training dataset
2022-04-03 20:57:37,278:INFO:Defining folds
2022-04-03 20:57:37,278:INFO:Declaring metric variables
2022-04-03 20:57:37,282:INFO:Importing untrained model
2022-04-03 20:57:37,287:INFO:Elastic Net Imported succesfully
2022-04-03 20:57:37,295:INFO:Starting cross validation
2022-04-03 20:57:37,296:INFO:Cross validating with KFold(n_splits=10, random_state=8545, shuffle=False), n_jobs=-1
2022-04-03 20:57:37,321:INFO:Calculating mean and std
2022-04-03 20:57:37,321:INFO:Creating metrics dataframe
2022-04-03 20:57:37,336:INFO:Uploading results into container
2022-04-03 20:57:37,336:INFO:Uploading model into container now
2022-04-03 20:57:37,336:INFO:create_model_container: 4
2022-04-03 20:57:37,336:INFO:master_model_container: 4
2022-04-03 20:57:37,336:INFO:display_container: 1
2022-04-03 20:57:37,336:INFO:ElasticNet(alpha=1.0, copy_X=True, fit_intercept=True, l1_ratio=0.5,
           max_iter=1000, normalize=False, positive=False, precompute=False,
           random_state=8545, selection='cyclic', tol=0.0001, warm_start=False)
2022-04-03 20:57:37,336:INFO:create_model() succesfully completed......................................
2022-04-03 20:57:37,426:INFO:SubProcess create_model() end ==================================
2022-04-03 20:57:37,426:INFO:Creating metrics dataframe
2022-04-03 20:57:37,438:INFO:Initializing Least Angle Regression
2022-04-03 20:57:37,438:INFO:Total runtime is 0.04915469487508138 minutes
2022-04-03 20:57:37,441:INFO:SubProcess create_model() called ==================================
2022-04-03 20:57:37,441:INFO:Initializing create_model()
2022-04-03 20:57:37,441:INFO:create_model(estimator=lar, fold=KFold(n_splits=10, random_state=8545, shuffle=False), round=4, cross_validation=True, predict=True, fit_kwargs={}, groups=None, refit=False, verbose=False, system=False, metrics=None, display=<pycaret.internal.Display.Display object at 0x7fc74037a2e0>, kwargs={})
2022-04-03 20:57:37,442:INFO:Checking exceptions
2022-04-03 20:57:37,442:INFO:Importing libraries
2022-04-03 20:57:37,442:INFO:Copying training dataset
2022-04-03 20:57:37,442:INFO:Defining folds
2022-04-03 20:57:37,442:INFO:Declaring metric variables
2022-04-03 20:57:37,445:INFO:Importing untrained model
2022-04-03 20:57:37,450:INFO:Least Angle Regression Imported succesfully
2022-04-03 20:57:37,457:INFO:Starting cross validation
2022-04-03 20:57:37,458:INFO:Cross validating with KFold(n_splits=10, random_state=8545, shuffle=False), n_jobs=-1
2022-04-03 20:57:37,486:INFO:Calculating mean and std
2022-04-03 20:57:37,487:INFO:Creating metrics dataframe
2022-04-03 20:57:37,499:INFO:Uploading results into container
2022-04-03 20:57:37,500:INFO:Uploading model into container now
2022-04-03 20:57:37,500:INFO:create_model_container: 5
2022-04-03 20:57:37,500:INFO:master_model_container: 5
2022-04-03 20:57:37,500:INFO:display_container: 1
2022-04-03 20:57:37,500:INFO:Lars(copy_X=True, eps=2.220446049250313e-16, fit_intercept=True, fit_path=True,
     jitter=None, n_nonzero_coefs=500, normalize=True, precompute='auto',
     random_state=8545, verbose=False)
2022-04-03 20:57:37,500:INFO:create_model() succesfully completed......................................
2022-04-03 20:57:37,587:INFO:SubProcess create_model() end ==================================
2022-04-03 20:57:37,587:INFO:Creating metrics dataframe
2022-04-03 20:57:37,599:INFO:Initializing Lasso Least Angle Regression
2022-04-03 20:57:37,600:INFO:Total runtime is 0.051851383845011395 minutes
2022-04-03 20:57:37,604:INFO:SubProcess create_model() called ==================================
2022-04-03 20:57:37,604:INFO:Initializing create_model()
2022-04-03 20:57:37,604:INFO:create_model(estimator=llar, fold=KFold(n_splits=10, random_state=8545, shuffle=False), round=4, cross_validation=True, predict=True, fit_kwargs={}, groups=None, refit=False, verbose=False, system=False, metrics=None, display=<pycaret.internal.Display.Display object at 0x7fc74037a2e0>, kwargs={})
2022-04-03 20:57:37,604:INFO:Checking exceptions
2022-04-03 20:57:37,604:INFO:Importing libraries
2022-04-03 20:57:37,604:INFO:Copying training dataset
2022-04-03 20:57:37,605:INFO:Defining folds
2022-04-03 20:57:37,605:INFO:Declaring metric variables
2022-04-03 20:57:37,609:INFO:Importing untrained model
2022-04-03 20:57:37,613:INFO:Lasso Least Angle Regression Imported succesfully
2022-04-03 20:57:37,621:INFO:Starting cross validation
2022-04-03 20:57:37,621:INFO:Cross validating with KFold(n_splits=10, random_state=8545, shuffle=False), n_jobs=-1
2022-04-03 20:57:37,645:INFO:Calculating mean and std
2022-04-03 20:57:37,646:INFO:Creating metrics dataframe
2022-04-03 20:57:37,660:INFO:Uploading results into container
2022-04-03 20:57:37,660:INFO:Uploading model into container now
2022-04-03 20:57:37,660:INFO:create_model_container: 6
2022-04-03 20:57:37,660:INFO:master_model_container: 6
2022-04-03 20:57:37,660:INFO:display_container: 1
2022-04-03 20:57:37,660:INFO:LassoLars(alpha=1.0, copy_X=True, eps=2.220446049250313e-16, fit_intercept=True,
          fit_path=True, jitter=None, max_iter=500, normalize=True,
          positive=False, precompute='auto', random_state=8545, verbose=False)
2022-04-03 20:57:37,660:INFO:create_model() succesfully completed......................................
2022-04-03 20:57:37,745:INFO:SubProcess create_model() end ==================================
2022-04-03 20:57:37,746:INFO:Creating metrics dataframe
2022-04-03 20:57:37,758:INFO:Initializing Orthogonal Matching Pursuit
2022-04-03 20:57:37,758:INFO:Total runtime is 0.05449541409810384 minutes
2022-04-03 20:57:37,762:INFO:SubProcess create_model() called ==================================
2022-04-03 20:57:37,762:INFO:Initializing create_model()
2022-04-03 20:57:37,762:INFO:create_model(estimator=omp, fold=KFold(n_splits=10, random_state=8545, shuffle=False), round=4, cross_validation=True, predict=True, fit_kwargs={}, groups=None, refit=False, verbose=False, system=False, metrics=None, display=<pycaret.internal.Display.Display object at 0x7fc74037a2e0>, kwargs={})
2022-04-03 20:57:37,762:INFO:Checking exceptions
2022-04-03 20:57:37,762:INFO:Importing libraries
2022-04-03 20:57:37,762:INFO:Copying training dataset
2022-04-03 20:57:37,763:INFO:Defining folds
2022-04-03 20:57:37,763:INFO:Declaring metric variables
2022-04-03 20:57:37,766:INFO:Importing untrained model
2022-04-03 20:57:37,770:INFO:Orthogonal Matching Pursuit Imported succesfully
2022-04-03 20:57:37,777:INFO:Starting cross validation
2022-04-03 20:57:37,778:INFO:Cross validating with KFold(n_splits=10, random_state=8545, shuffle=False), n_jobs=-1
2022-04-03 20:57:37,801:INFO:Calculating mean and std
2022-04-03 20:57:37,802:INFO:Creating metrics dataframe
2022-04-03 20:57:37,815:INFO:Uploading results into container
2022-04-03 20:57:37,815:INFO:Uploading model into container now
2022-04-03 20:57:37,815:INFO:create_model_container: 7
2022-04-03 20:57:37,816:INFO:master_model_container: 7
2022-04-03 20:57:37,816:INFO:display_container: 1
2022-04-03 20:57:37,816:INFO:OrthogonalMatchingPursuit(fit_intercept=True, n_nonzero_coefs=None,
                          normalize=True, precompute='auto', tol=None)
2022-04-03 20:57:37,816:INFO:create_model() succesfully completed......................................
2022-04-03 20:57:37,903:INFO:SubProcess create_model() end ==================================
2022-04-03 20:57:37,903:INFO:Creating metrics dataframe
2022-04-03 20:57:37,915:INFO:Initializing Bayesian Ridge
2022-04-03 20:57:37,915:INFO:Total runtime is 0.057109896341959634 minutes
2022-04-03 20:57:37,919:INFO:SubProcess create_model() called ==================================
2022-04-03 20:57:37,919:INFO:Initializing create_model()
2022-04-03 20:57:37,919:INFO:create_model(estimator=br, fold=KFold(n_splits=10, random_state=8545, shuffle=False), round=4, cross_validation=True, predict=True, fit_kwargs={}, groups=None, refit=False, verbose=False, system=False, metrics=None, display=<pycaret.internal.Display.Display object at 0x7fc74037a2e0>, kwargs={})
2022-04-03 20:57:37,919:INFO:Checking exceptions
2022-04-03 20:57:37,919:INFO:Importing libraries
2022-04-03 20:57:37,919:INFO:Copying training dataset
2022-04-03 20:57:37,919:INFO:Defining folds
2022-04-03 20:57:37,919:INFO:Declaring metric variables
2022-04-03 20:57:37,923:INFO:Importing untrained model
2022-04-03 20:57:37,927:INFO:Bayesian Ridge Imported succesfully
2022-04-03 20:57:37,935:INFO:Starting cross validation
2022-04-03 20:57:37,935:INFO:Cross validating with KFold(n_splits=10, random_state=8545, shuffle=False), n_jobs=-1
2022-04-03 20:57:37,963:INFO:Calculating mean and std
2022-04-03 20:57:37,963:INFO:Creating metrics dataframe
2022-04-03 20:57:37,978:INFO:Uploading results into container
2022-04-03 20:57:37,978:INFO:Uploading model into container now
2022-04-03 20:57:37,978:INFO:create_model_container: 8
2022-04-03 20:57:37,978:INFO:master_model_container: 8
2022-04-03 20:57:37,978:INFO:display_container: 1
2022-04-03 20:57:37,978:INFO:BayesianRidge(alpha_1=1e-06, alpha_2=1e-06, alpha_init=None,
              compute_score=False, copy_X=True, fit_intercept=True,
              lambda_1=1e-06, lambda_2=1e-06, lambda_init=None, n_iter=300,
              normalize=False, tol=0.001, verbose=False)
2022-04-03 20:57:37,978:INFO:create_model() succesfully completed......................................
2022-04-03 20:57:38,065:INFO:SubProcess create_model() end ==================================
2022-04-03 20:57:38,065:INFO:Creating metrics dataframe
2022-04-03 20:57:38,078:INFO:Initializing Passive Aggressive Regressor
2022-04-03 20:57:38,078:INFO:Total runtime is 0.05982554753621419 minutes
2022-04-03 20:57:38,082:INFO:SubProcess create_model() called ==================================
2022-04-03 20:57:38,082:INFO:Initializing create_model()
2022-04-03 20:57:38,082:INFO:create_model(estimator=par, fold=KFold(n_splits=10, random_state=8545, shuffle=False), round=4, cross_validation=True, predict=True, fit_kwargs={}, groups=None, refit=False, verbose=False, system=False, metrics=None, display=<pycaret.internal.Display.Display object at 0x7fc74037a2e0>, kwargs={})
2022-04-03 20:57:38,082:INFO:Checking exceptions
2022-04-03 20:57:38,082:INFO:Importing libraries
2022-04-03 20:57:38,082:INFO:Copying training dataset
2022-04-03 20:57:38,082:INFO:Defining folds
2022-04-03 20:57:38,082:INFO:Declaring metric variables
2022-04-03 20:57:38,086:INFO:Importing untrained model
2022-04-03 20:57:38,090:INFO:Passive Aggressive Regressor Imported succesfully
2022-04-03 20:57:38,098:INFO:Starting cross validation
2022-04-03 20:57:38,098:INFO:Cross validating with KFold(n_splits=10, random_state=8545, shuffle=False), n_jobs=-1
2022-04-03 20:57:38,124:INFO:Calculating mean and std
2022-04-03 20:57:38,125:INFO:Creating metrics dataframe
2022-04-03 20:57:38,137:INFO:Uploading results into container
2022-04-03 20:57:38,137:INFO:Uploading model into container now
2022-04-03 20:57:38,137:INFO:create_model_container: 9
2022-04-03 20:57:38,138:INFO:master_model_container: 9
2022-04-03 20:57:38,138:INFO:display_container: 1
2022-04-03 20:57:38,138:INFO:PassiveAggressiveRegressor(C=1.0, average=False, early_stopping=False,
                           epsilon=0.1, fit_intercept=True,
                           loss='epsilon_insensitive', max_iter=1000,
                           n_iter_no_change=5, random_state=8545, shuffle=True,
                           tol=0.001, validation_fraction=0.1, verbose=0,
                           warm_start=False)
2022-04-03 20:57:38,138:INFO:create_model() succesfully completed......................................
2022-04-03 20:57:38,223:INFO:SubProcess create_model() end ==================================
2022-04-03 20:57:38,223:INFO:Creating metrics dataframe
2022-04-03 20:57:38,236:INFO:Initializing Huber Regressor
2022-04-03 20:57:38,236:INFO:Total runtime is 0.062455562750498454 minutes
2022-04-03 20:57:38,240:INFO:SubProcess create_model() called ==================================
2022-04-03 20:57:38,240:INFO:Initializing create_model()
2022-04-03 20:57:38,240:INFO:create_model(estimator=huber, fold=KFold(n_splits=10, random_state=8545, shuffle=False), round=4, cross_validation=True, predict=True, fit_kwargs={}, groups=None, refit=False, verbose=False, system=False, metrics=None, display=<pycaret.internal.Display.Display object at 0x7fc74037a2e0>, kwargs={})
2022-04-03 20:57:38,240:INFO:Checking exceptions
2022-04-03 20:57:38,240:INFO:Importing libraries
2022-04-03 20:57:38,240:INFO:Copying training dataset
2022-04-03 20:57:38,240:INFO:Defining folds
2022-04-03 20:57:38,240:INFO:Declaring metric variables
2022-04-03 20:57:38,244:INFO:Importing untrained model
2022-04-03 20:57:38,247:INFO:Huber Regressor Imported succesfully
2022-04-03 20:57:38,256:INFO:Starting cross validation
2022-04-03 20:57:38,256:INFO:Cross validating with KFold(n_splits=10, random_state=8545, shuffle=False), n_jobs=-1
2022-04-03 20:57:38,305:INFO:Calculating mean and std
2022-04-03 20:57:38,306:INFO:Creating metrics dataframe
2022-04-03 20:57:38,320:INFO:Uploading results into container
2022-04-03 20:57:38,320:INFO:Uploading model into container now
2022-04-03 20:57:38,320:INFO:create_model_container: 10
2022-04-03 20:57:38,320:INFO:master_model_container: 10
2022-04-03 20:57:38,320:INFO:display_container: 1
2022-04-03 20:57:38,321:INFO:HuberRegressor(alpha=0.0001, epsilon=1.35, fit_intercept=True, max_iter=100,
               tol=1e-05, warm_start=False)
2022-04-03 20:57:38,321:INFO:create_model() succesfully completed......................................
2022-04-03 20:57:38,411:WARNING:create_model() for HuberRegressor(alpha=0.0001, epsilon=1.35, fit_intercept=True, max_iter=100,
               tol=1e-05, warm_start=False) raised an exception or returned all 0.0, trying without fit_kwargs:
2022-04-03 20:57:38,411:WARNING:Traceback (most recent call last):
  File "/Users/kouki/opt/anaconda3/envs/pycaret/lib/python3.9/site-packages/pycaret/internal/tabular.py", line 2149, in compare_models
    assert np.sum(model_results.iloc[0]) != 0.0
AssertionError

2022-04-03 20:57:38,411:INFO:Initializing create_model()
2022-04-03 20:57:38,411:INFO:create_model(estimator=HuberRegressor(alpha=0.0001, epsilon=1.35, fit_intercept=True, max_iter=100,
               tol=1e-05, warm_start=False), fold=KFold(n_splits=10, random_state=8545, shuffle=False), round=4, cross_validation=True, predict=True, fit_kwargs=None, groups=None, refit=False, verbose=False, system=False, metrics=None, display=<pycaret.internal.Display.Display object at 0x7fc74037a2e0>, kwargs={})
2022-04-03 20:57:38,411:INFO:Checking exceptions
2022-04-03 20:57:38,411:INFO:Importing libraries
2022-04-03 20:57:38,411:INFO:Copying training dataset
2022-04-03 20:57:38,412:INFO:Defining folds
2022-04-03 20:57:38,412:INFO:Declaring metric variables
2022-04-03 20:57:38,416:INFO:Importing untrained model
2022-04-03 20:57:38,416:INFO:Declaring custom model
2022-04-03 20:57:38,420:INFO:Huber Regressor Imported succesfully
2022-04-03 20:57:38,428:INFO:Starting cross validation
2022-04-03 20:57:38,429:INFO:Cross validating with KFold(n_splits=10, random_state=8545, shuffle=False), n_jobs=-1
2022-04-03 20:57:38,476:INFO:Calculating mean and std
2022-04-03 20:57:38,477:INFO:Creating metrics dataframe
2022-04-03 20:57:38,490:INFO:Uploading results into container
2022-04-03 20:57:38,490:INFO:Uploading model into container now
2022-04-03 20:57:38,490:INFO:create_model_container: 11
2022-04-03 20:57:38,490:INFO:master_model_container: 11
2022-04-03 20:57:38,490:INFO:display_container: 1
2022-04-03 20:57:38,490:INFO:HuberRegressor(alpha=0.0001, epsilon=1.35, fit_intercept=True, max_iter=100,
               tol=1e-05, warm_start=False)
2022-04-03 20:57:38,490:INFO:create_model() succesfully completed......................................
2022-04-03 20:57:38,577:INFO:SubProcess create_model() end ==================================
2022-04-03 20:57:38,577:INFO:Creating metrics dataframe
2022-04-03 20:57:38,591:INFO:Initializing K Neighbors Regressor
2022-04-03 20:57:38,591:INFO:Total runtime is 0.06838008165359497 minutes
2022-04-03 20:57:38,596:INFO:SubProcess create_model() called ==================================
2022-04-03 20:57:38,596:INFO:Initializing create_model()
2022-04-03 20:57:38,596:INFO:create_model(estimator=knn, fold=KFold(n_splits=10, random_state=8545, shuffle=False), round=4, cross_validation=True, predict=True, fit_kwargs={}, groups=None, refit=False, verbose=False, system=False, metrics=None, display=<pycaret.internal.Display.Display object at 0x7fc74037a2e0>, kwargs={})
2022-04-03 20:57:38,596:INFO:Checking exceptions
2022-04-03 20:57:38,596:INFO:Importing libraries
2022-04-03 20:57:38,596:INFO:Copying training dataset
2022-04-03 20:57:38,597:INFO:Defining folds
2022-04-03 20:57:38,597:INFO:Declaring metric variables
2022-04-03 20:57:38,601:INFO:Importing untrained model
2022-04-03 20:57:38,605:INFO:K Neighbors Regressor Imported succesfully
2022-04-03 20:57:38,613:INFO:Starting cross validation
2022-04-03 20:57:38,613:INFO:Cross validating with KFold(n_splits=10, random_state=8545, shuffle=False), n_jobs=-1
2022-04-03 20:57:38,642:INFO:Calculating mean and std
2022-04-03 20:57:38,642:INFO:Creating metrics dataframe
2022-04-03 20:57:38,655:INFO:Uploading results into container
2022-04-03 20:57:38,655:INFO:Uploading model into container now
2022-04-03 20:57:38,655:INFO:create_model_container: 12
2022-04-03 20:57:38,655:INFO:master_model_container: 12
2022-04-03 20:57:38,655:INFO:display_container: 1
2022-04-03 20:57:38,655:INFO:KNeighborsRegressor(algorithm='auto', leaf_size=30, metric='minkowski',
                    metric_params=None, n_jobs=-1, n_neighbors=5, p=2,
                    weights='uniform')
2022-04-03 20:57:38,656:INFO:create_model() succesfully completed......................................
2022-04-03 20:57:38,742:INFO:SubProcess create_model() end ==================================
2022-04-03 20:57:38,742:INFO:Creating metrics dataframe
2022-04-03 20:57:38,755:INFO:Initializing Decision Tree Regressor
2022-04-03 20:57:38,755:INFO:Total runtime is 0.07110291719436646 minutes
2022-04-03 20:57:38,759:INFO:SubProcess create_model() called ==================================
2022-04-03 20:57:38,759:INFO:Initializing create_model()
2022-04-03 20:57:38,759:INFO:create_model(estimator=dt, fold=KFold(n_splits=10, random_state=8545, shuffle=False), round=4, cross_validation=True, predict=True, fit_kwargs={}, groups=None, refit=False, verbose=False, system=False, metrics=None, display=<pycaret.internal.Display.Display object at 0x7fc74037a2e0>, kwargs={})
2022-04-03 20:57:38,759:INFO:Checking exceptions
2022-04-03 20:57:38,759:INFO:Importing libraries
2022-04-03 20:57:38,759:INFO:Copying training dataset
2022-04-03 20:57:38,760:INFO:Defining folds
2022-04-03 20:57:38,760:INFO:Declaring metric variables
2022-04-03 20:57:38,763:INFO:Importing untrained model
2022-04-03 20:57:38,767:INFO:Decision Tree Regressor Imported succesfully
2022-04-03 20:57:38,775:INFO:Starting cross validation
2022-04-03 20:57:38,775:INFO:Cross validating with KFold(n_splits=10, random_state=8545, shuffle=False), n_jobs=-1
2022-04-03 20:57:38,806:INFO:Calculating mean and std
2022-04-03 20:57:38,806:INFO:Creating metrics dataframe
2022-04-03 20:57:38,819:INFO:Uploading results into container
2022-04-03 20:57:38,819:INFO:Uploading model into container now
2022-04-03 20:57:38,819:INFO:create_model_container: 13
2022-04-03 20:57:38,819:INFO:master_model_container: 13
2022-04-03 20:57:38,820:INFO:display_container: 1
2022-04-03 20:57:38,820:INFO:DecisionTreeRegressor(ccp_alpha=0.0, criterion='mse', max_depth=None,
                      max_features=None, max_leaf_nodes=None,
                      min_impurity_decrease=0.0, min_impurity_split=None,
                      min_samples_leaf=1, min_samples_split=2,
                      min_weight_fraction_leaf=0.0, presort='deprecated',
                      random_state=8545, splitter='best')
2022-04-03 20:57:38,820:INFO:create_model() succesfully completed......................................
2022-04-03 20:57:38,905:INFO:SubProcess create_model() end ==================================
2022-04-03 20:57:38,905:INFO:Creating metrics dataframe
2022-04-03 20:57:38,919:INFO:Initializing Random Forest Regressor
2022-04-03 20:57:38,919:INFO:Total runtime is 0.07383842865626017 minutes
2022-04-03 20:57:38,923:INFO:SubProcess create_model() called ==================================
2022-04-03 20:57:38,923:INFO:Initializing create_model()
2022-04-03 20:57:38,923:INFO:create_model(estimator=rf, fold=KFold(n_splits=10, random_state=8545, shuffle=False), round=4, cross_validation=True, predict=True, fit_kwargs={}, groups=None, refit=False, verbose=False, system=False, metrics=None, display=<pycaret.internal.Display.Display object at 0x7fc74037a2e0>, kwargs={})
2022-04-03 20:57:38,923:INFO:Checking exceptions
2022-04-03 20:57:38,923:INFO:Importing libraries
2022-04-03 20:57:38,923:INFO:Copying training dataset
2022-04-03 20:57:38,924:INFO:Defining folds
2022-04-03 20:57:38,924:INFO:Declaring metric variables
2022-04-03 20:57:38,927:INFO:Importing untrained model
2022-04-03 20:57:38,940:INFO:Random Forest Regressor Imported succesfully
2022-04-03 20:57:38,950:INFO:Starting cross validation
2022-04-03 20:57:38,951:INFO:Cross validating with KFold(n_splits=10, random_state=8545, shuffle=False), n_jobs=-1
2022-04-03 20:57:39,413:INFO:Calculating mean and std
2022-04-03 20:57:39,414:INFO:Creating metrics dataframe
2022-04-03 20:57:39,427:INFO:Uploading results into container
2022-04-03 20:57:39,428:INFO:Uploading model into container now
2022-04-03 20:57:39,428:INFO:create_model_container: 14
2022-04-03 20:57:39,428:INFO:master_model_container: 14
2022-04-03 20:57:39,428:INFO:display_container: 1
2022-04-03 20:57:39,428:INFO:RandomForestRegressor(bootstrap=True, ccp_alpha=0.0, criterion='mse',
                      max_depth=None, max_features='auto', max_leaf_nodes=None,
                      max_samples=None, min_impurity_decrease=0.0,
                      min_impurity_split=None, min_samples_leaf=1,
                      min_samples_split=2, min_weight_fraction_leaf=0.0,
                      n_estimators=100, n_jobs=-1, oob_score=False,
                      random_state=8545, verbose=0, warm_start=False)
2022-04-03 20:57:39,428:INFO:create_model() succesfully completed......................................
2022-04-03 20:57:39,522:INFO:SubProcess create_model() end ==================================
2022-04-03 20:57:39,522:INFO:Creating metrics dataframe
2022-04-03 20:57:39,536:INFO:Initializing Extra Trees Regressor
2022-04-03 20:57:39,536:INFO:Total runtime is 0.08412721554438272 minutes
2022-04-03 20:57:39,540:INFO:SubProcess create_model() called ==================================
2022-04-03 20:57:39,540:INFO:Initializing create_model()
2022-04-03 20:57:39,540:INFO:create_model(estimator=et, fold=KFold(n_splits=10, random_state=8545, shuffle=False), round=4, cross_validation=True, predict=True, fit_kwargs={}, groups=None, refit=False, verbose=False, system=False, metrics=None, display=<pycaret.internal.Display.Display object at 0x7fc74037a2e0>, kwargs={})
2022-04-03 20:57:39,541:INFO:Checking exceptions
2022-04-03 20:57:39,541:INFO:Importing libraries
2022-04-03 20:57:39,541:INFO:Copying training dataset
2022-04-03 20:57:39,541:INFO:Defining folds
2022-04-03 20:57:39,541:INFO:Declaring metric variables
2022-04-03 20:57:39,545:INFO:Importing untrained model
2022-04-03 20:57:39,550:INFO:Extra Trees Regressor Imported succesfully
2022-04-03 20:57:39,558:INFO:Starting cross validation
2022-04-03 20:57:39,558:INFO:Cross validating with KFold(n_splits=10, random_state=8545, shuffle=False), n_jobs=-1
2022-04-03 20:57:39,942:INFO:Calculating mean and std
2022-04-03 20:57:39,943:INFO:Creating metrics dataframe
2022-04-03 20:57:39,956:INFO:Uploading results into container
2022-04-03 20:57:39,957:INFO:Uploading model into container now
2022-04-03 20:57:39,957:INFO:create_model_container: 15
2022-04-03 20:57:39,957:INFO:master_model_container: 15
2022-04-03 20:57:39,957:INFO:display_container: 1
2022-04-03 20:57:39,957:INFO:ExtraTreesRegressor(bootstrap=False, ccp_alpha=0.0, criterion='mse',
                    max_depth=None, max_features='auto', max_leaf_nodes=None,
                    max_samples=None, min_impurity_decrease=0.0,
                    min_impurity_split=None, min_samples_leaf=1,
                    min_samples_split=2, min_weight_fraction_leaf=0.0,
                    n_estimators=100, n_jobs=-1, oob_score=False,
                    random_state=8545, verbose=0, warm_start=False)
2022-04-03 20:57:39,957:INFO:create_model() succesfully completed......................................
2022-04-03 20:57:40,045:INFO:SubProcess create_model() end ==================================
2022-04-03 20:57:40,045:INFO:Creating metrics dataframe
2022-04-03 20:57:40,058:INFO:Initializing AdaBoost Regressor
2022-04-03 20:57:40,058:INFO:Total runtime is 0.09282311598459879 minutes
2022-04-03 20:57:40,061:INFO:SubProcess create_model() called ==================================
2022-04-03 20:57:40,062:INFO:Initializing create_model()
2022-04-03 20:57:40,062:INFO:create_model(estimator=ada, fold=KFold(n_splits=10, random_state=8545, shuffle=False), round=4, cross_validation=True, predict=True, fit_kwargs={}, groups=None, refit=False, verbose=False, system=False, metrics=None, display=<pycaret.internal.Display.Display object at 0x7fc74037a2e0>, kwargs={})
2022-04-03 20:57:40,062:INFO:Checking exceptions
2022-04-03 20:57:40,062:INFO:Importing libraries
2022-04-03 20:57:40,062:INFO:Copying training dataset
2022-04-03 20:57:40,062:INFO:Defining folds
2022-04-03 20:57:40,062:INFO:Declaring metric variables
2022-04-03 20:57:40,066:INFO:Importing untrained model
2022-04-03 20:57:40,070:INFO:AdaBoost Regressor Imported succesfully
2022-04-03 20:57:40,078:INFO:Starting cross validation
2022-04-03 20:57:40,079:INFO:Cross validating with KFold(n_splits=10, random_state=8545, shuffle=False), n_jobs=-1
2022-04-03 20:57:40,213:INFO:Calculating mean and std
2022-04-03 20:57:40,213:INFO:Creating metrics dataframe
2022-04-03 20:57:40,226:INFO:Uploading results into container
2022-04-03 20:57:40,227:INFO:Uploading model into container now
2022-04-03 20:57:40,227:INFO:create_model_container: 16
2022-04-03 20:57:40,227:INFO:master_model_container: 16
2022-04-03 20:57:40,227:INFO:display_container: 1
2022-04-03 20:57:40,227:INFO:AdaBoostRegressor(base_estimator=None, learning_rate=1.0, loss='linear',
                  n_estimators=50, random_state=8545)
2022-04-03 20:57:40,227:INFO:create_model() succesfully completed......................................
2022-04-03 20:57:40,317:INFO:SubProcess create_model() end ==================================
2022-04-03 20:57:40,317:INFO:Creating metrics dataframe
2022-04-03 20:57:40,331:INFO:Initializing Gradient Boosting Regressor
2022-04-03 20:57:40,331:INFO:Total runtime is 0.09736929734547932 minutes
2022-04-03 20:57:40,334:INFO:SubProcess create_model() called ==================================
2022-04-03 20:57:40,334:INFO:Initializing create_model()
2022-04-03 20:57:40,334:INFO:create_model(estimator=gbr, fold=KFold(n_splits=10, random_state=8545, shuffle=False), round=4, cross_validation=True, predict=True, fit_kwargs={}, groups=None, refit=False, verbose=False, system=False, metrics=None, display=<pycaret.internal.Display.Display object at 0x7fc74037a2e0>, kwargs={})
2022-04-03 20:57:40,335:INFO:Checking exceptions
2022-04-03 20:57:40,335:INFO:Importing libraries
2022-04-03 20:57:40,335:INFO:Copying training dataset
2022-04-03 20:57:40,335:INFO:Defining folds
2022-04-03 20:57:40,335:INFO:Declaring metric variables
2022-04-03 20:57:40,338:INFO:Importing untrained model
2022-04-03 20:57:40,342:INFO:Gradient Boosting Regressor Imported succesfully
2022-04-03 20:57:40,351:INFO:Starting cross validation
2022-04-03 20:57:40,351:INFO:Cross validating with KFold(n_splits=10, random_state=8545, shuffle=False), n_jobs=-1
2022-04-03 20:57:40,500:INFO:Calculating mean and std
2022-04-03 20:57:40,501:INFO:Creating metrics dataframe
2022-04-03 20:57:40,513:INFO:Uploading results into container
2022-04-03 20:57:40,514:INFO:Uploading model into container now
2022-04-03 20:57:40,514:INFO:create_model_container: 17
2022-04-03 20:57:40,514:INFO:master_model_container: 17
2022-04-03 20:57:40,514:INFO:display_container: 1
2022-04-03 20:57:40,514:INFO:GradientBoostingRegressor(alpha=0.9, ccp_alpha=0.0, criterion='friedman_mse',
                          init=None, learning_rate=0.1, loss='ls', max_depth=3,
                          max_features=None, max_leaf_nodes=None,
                          min_impurity_decrease=0.0, min_impurity_split=None,
                          min_samples_leaf=1, min_samples_split=2,
                          min_weight_fraction_leaf=0.0, n_estimators=100,
                          n_iter_no_change=None, presort='deprecated',
                          random_state=8545, subsample=1.0, tol=0.0001,
                          validation_fraction=0.1, verbose=0, warm_start=False)
2022-04-03 20:57:40,514:INFO:create_model() succesfully completed......................................
2022-04-03 20:57:40,603:INFO:SubProcess create_model() end ==================================
2022-04-03 20:57:40,603:INFO:Creating metrics dataframe
2022-04-03 20:57:40,617:INFO:Initializing Extreme Gradient Boosting
2022-04-03 20:57:40,617:INFO:Total runtime is 0.10214808384577433 minutes
2022-04-03 20:57:40,621:INFO:SubProcess create_model() called ==================================
2022-04-03 20:57:40,622:INFO:Initializing create_model()
2022-04-03 20:57:40,622:INFO:create_model(estimator=xgboost, fold=KFold(n_splits=10, random_state=8545, shuffle=False), round=4, cross_validation=True, predict=True, fit_kwargs={}, groups=None, refit=False, verbose=False, system=False, metrics=None, display=<pycaret.internal.Display.Display object at 0x7fc74037a2e0>, kwargs={})
2022-04-03 20:57:40,622:INFO:Checking exceptions
2022-04-03 20:57:40,622:INFO:Importing libraries
2022-04-03 20:57:40,622:INFO:Copying training dataset
2022-04-03 20:57:40,622:INFO:Defining folds
2022-04-03 20:57:40,622:INFO:Declaring metric variables
2022-04-03 20:57:40,626:INFO:Importing untrained model
2022-04-03 20:57:40,630:INFO:Extreme Gradient Boosting Imported succesfully
2022-04-03 20:57:40,638:INFO:Starting cross validation
2022-04-03 20:57:40,639:INFO:Cross validating with KFold(n_splits=10, random_state=8545, shuffle=False), n_jobs=-1
2022-04-03 20:57:40,779:WARNING:create_model() for xgboost raised an exception or returned all 0.0, trying without fit_kwargs:
2022-04-03 20:57:40,782:WARNING:Traceback (most recent call last):
  File "/Users/kouki/opt/anaconda3/envs/pycaret/lib/python3.9/site-packages/pycaret/internal/tabular.py", line 2136, in compare_models
    model, model_fit_time = create_model_supervised(
  File "/Users/kouki/opt/anaconda3/envs/pycaret/lib/python3.9/site-packages/pycaret/internal/tabular.py", line 3085, in create_model_supervised
    scores = cross_validate(
  File "/Users/kouki/opt/anaconda3/envs/pycaret/lib/python3.9/site-packages/sklearn/utils/validation.py", line 72, in inner_f
    return f(**kwargs)
  File "/Users/kouki/opt/anaconda3/envs/pycaret/lib/python3.9/site-packages/sklearn/model_selection/_validation.py", line 242, in cross_validate
    scores = parallel(
  File "/Users/kouki/opt/anaconda3/envs/pycaret/lib/python3.9/site-packages/joblib/parallel.py", line 1056, in __call__
    self.retrieve()
  File "/Users/kouki/opt/anaconda3/envs/pycaret/lib/python3.9/site-packages/joblib/parallel.py", line 935, in retrieve
    self._output.extend(job.get(timeout=self.timeout))
  File "/Users/kouki/opt/anaconda3/envs/pycaret/lib/python3.9/site-packages/joblib/_parallel_backends.py", line 542, in wrap_future_result
    return future.result(timeout=timeout)
  File "/Users/kouki/opt/anaconda3/envs/pycaret/lib/python3.9/concurrent/futures/_base.py", line 445, in result
    return self.__get_result()
  File "/Users/kouki/opt/anaconda3/envs/pycaret/lib/python3.9/concurrent/futures/_base.py", line 390, in __get_result
    raise self._exception
joblib.externals.loky.process_executor.TerminatedWorkerError: A worker process managed by the executor was unexpectedly terminated. This could be caused by a segmentation fault while calling the function or by an excessive memory usage causing the Operating System to kill the worker.

The exit codes of the workers are {SIGSEGV(-11), SIGSEGV(-11), SIGSEGV(-11)}

2022-04-03 20:57:40,782:INFO:Initializing create_model()
2022-04-03 20:57:40,782:INFO:create_model(estimator=xgboost, fold=KFold(n_splits=10, random_state=8545, shuffle=False), round=4, cross_validation=True, predict=True, fit_kwargs=None, groups=None, refit=False, verbose=False, system=False, metrics=None, display=<pycaret.internal.Display.Display object at 0x7fc74037a2e0>, kwargs={})
2022-04-03 20:57:40,782:INFO:Checking exceptions
2022-04-03 20:57:40,782:INFO:Importing libraries
2022-04-03 20:57:40,782:INFO:Copying training dataset
2022-04-03 20:57:40,783:INFO:Defining folds
2022-04-03 20:57:40,783:INFO:Declaring metric variables
2022-04-03 20:57:40,788:INFO:Importing untrained model
2022-04-03 20:57:40,792:INFO:Extreme Gradient Boosting Imported succesfully
2022-04-03 20:57:40,801:INFO:Starting cross validation
2022-04-03 20:57:40,802:INFO:Cross validating with KFold(n_splits=10, random_state=8545, shuffle=False), n_jobs=-1
2022-04-03 20:57:43,111:ERROR:create_model() for xgboost raised an exception:
2022-04-03 20:57:43,112:ERROR:Traceback (most recent call last):
  File "/Users/kouki/opt/anaconda3/envs/pycaret/lib/python3.9/site-packages/pycaret/internal/tabular.py", line 2136, in compare_models
    model, model_fit_time = create_model_supervised(
  File "/Users/kouki/opt/anaconda3/envs/pycaret/lib/python3.9/site-packages/pycaret/internal/tabular.py", line 3085, in create_model_supervised
    scores = cross_validate(
  File "/Users/kouki/opt/anaconda3/envs/pycaret/lib/python3.9/site-packages/sklearn/utils/validation.py", line 72, in inner_f
    return f(**kwargs)
  File "/Users/kouki/opt/anaconda3/envs/pycaret/lib/python3.9/site-packages/sklearn/model_selection/_validation.py", line 242, in cross_validate
    scores = parallel(
  File "/Users/kouki/opt/anaconda3/envs/pycaret/lib/python3.9/site-packages/joblib/parallel.py", line 1056, in __call__
    self.retrieve()
  File "/Users/kouki/opt/anaconda3/envs/pycaret/lib/python3.9/site-packages/joblib/parallel.py", line 935, in retrieve
    self._output.extend(job.get(timeout=self.timeout))
  File "/Users/kouki/opt/anaconda3/envs/pycaret/lib/python3.9/site-packages/joblib/_parallel_backends.py", line 542, in wrap_future_result
    return future.result(timeout=timeout)
  File "/Users/kouki/opt/anaconda3/envs/pycaret/lib/python3.9/concurrent/futures/_base.py", line 445, in result
    return self.__get_result()
  File "/Users/kouki/opt/anaconda3/envs/pycaret/lib/python3.9/concurrent/futures/_base.py", line 390, in __get_result
    raise self._exception
joblib.externals.loky.process_executor.TerminatedWorkerError: A worker process managed by the executor was unexpectedly terminated. This could be caused by a segmentation fault while calling the function or by an excessive memory usage causing the Operating System to kill the worker.

The exit codes of the workers are {SIGSEGV(-11), SIGSEGV(-11), SIGSEGV(-11)}

During handling of the above exception, another exception occurred:

Traceback (most recent call last):
  File "/Users/kouki/opt/anaconda3/envs/pycaret/lib/python3.9/site-packages/pycaret/internal/tabular.py", line 2156, in compare_models
    model, model_fit_time = create_model_supervised(
  File "/Users/kouki/opt/anaconda3/envs/pycaret/lib/python3.9/site-packages/pycaret/internal/tabular.py", line 3085, in create_model_supervised
    scores = cross_validate(
  File "/Users/kouki/opt/anaconda3/envs/pycaret/lib/python3.9/site-packages/sklearn/utils/validation.py", line 72, in inner_f
    return f(**kwargs)
  File "/Users/kouki/opt/anaconda3/envs/pycaret/lib/python3.9/site-packages/sklearn/model_selection/_validation.py", line 242, in cross_validate
    scores = parallel(
  File "/Users/kouki/opt/anaconda3/envs/pycaret/lib/python3.9/site-packages/joblib/parallel.py", line 1056, in __call__
    self.retrieve()
  File "/Users/kouki/opt/anaconda3/envs/pycaret/lib/python3.9/site-packages/joblib/parallel.py", line 935, in retrieve
    self._output.extend(job.get(timeout=self.timeout))
  File "/Users/kouki/opt/anaconda3/envs/pycaret/lib/python3.9/site-packages/joblib/_parallel_backends.py", line 542, in wrap_future_result
    return future.result(timeout=timeout)
  File "/Users/kouki/opt/anaconda3/envs/pycaret/lib/python3.9/concurrent/futures/_base.py", line 445, in result
    return self.__get_result()
  File "/Users/kouki/opt/anaconda3/envs/pycaret/lib/python3.9/concurrent/futures/_base.py", line 390, in __get_result
    raise self._exception
joblib.externals.loky.process_executor.TerminatedWorkerError: A worker process managed by the executor was unexpectedly terminated. This could be caused by a segmentation fault while calling the function or by an excessive memory usage causing the Operating System to kill the worker.

The exit codes of the workers are {SIGSEGV(-11)}

2022-04-03 20:57:43,112:INFO:Initializing Light Gradient Boosting Machine
2022-04-03 20:57:43,112:INFO:Total runtime is 0.1437274972597758 minutes
2022-04-03 20:57:43,118:INFO:SubProcess create_model() called ==================================
2022-04-03 20:57:43,118:INFO:Initializing create_model()
2022-04-03 20:57:43,118:INFO:create_model(estimator=lightgbm, fold=KFold(n_splits=10, random_state=8545, shuffle=False), round=4, cross_validation=True, predict=True, fit_kwargs={}, groups=None, refit=False, verbose=False, system=False, metrics=None, display=<pycaret.internal.Display.Display object at 0x7fc74037a2e0>, kwargs={})
2022-04-03 20:57:43,118:INFO:Checking exceptions
2022-04-03 20:57:43,118:INFO:Importing libraries
2022-04-03 20:57:43,118:INFO:Copying training dataset
2022-04-03 20:57:43,119:INFO:Defining folds
2022-04-03 20:57:43,119:INFO:Declaring metric variables
2022-04-03 20:57:43,123:INFO:Importing untrained model
2022-04-03 20:57:43,127:INFO:Light Gradient Boosting Machine Imported succesfully
2022-04-03 20:57:43,135:INFO:Starting cross validation
2022-04-03 20:57:43,135:INFO:Cross validating with KFold(n_splits=10, random_state=8545, shuffle=False), n_jobs=-1
2022-04-03 20:57:45,176:INFO:Calculating mean and std
2022-04-03 20:57:45,178:INFO:Creating metrics dataframe
2022-04-03 20:57:45,210:INFO:Uploading results into container
2022-04-03 20:57:45,210:INFO:Uploading model into container now
2022-04-03 20:57:45,210:INFO:create_model_container: 18
2022-04-03 20:57:45,210:INFO:master_model_container: 18
2022-04-03 20:57:45,210:INFO:display_container: 1
2022-04-03 20:57:45,211:INFO:LGBMRegressor(boosting_type='gbdt', class_weight=None, colsample_bytree=1.0,
              importance_type='split', learning_rate=0.1, max_depth=-1,
              min_child_samples=20, min_child_weight=0.001, min_split_gain=0.0,
              n_estimators=100, n_jobs=-1, num_leaves=31, objective=None,
              random_state=8545, reg_alpha=0.0, reg_lambda=0.0, silent='warn',
              subsample=1.0, subsample_for_bin=200000, subsample_freq=0)
2022-04-03 20:57:45,211:INFO:create_model() succesfully completed......................................
2022-04-03 20:57:45,325:INFO:SubProcess create_model() end ==================================
2022-04-03 20:57:45,325:INFO:Creating metrics dataframe
2022-04-03 20:57:45,345:INFO:Initializing CatBoost Regressor
2022-04-03 20:57:45,345:INFO:Total runtime is 0.18094698190689087 minutes
2022-04-03 20:57:45,349:INFO:SubProcess create_model() called ==================================
2022-04-03 20:57:45,349:INFO:Initializing create_model()
2022-04-03 20:57:45,349:INFO:create_model(estimator=catboost, fold=KFold(n_splits=10, random_state=8545, shuffle=False), round=4, cross_validation=True, predict=True, fit_kwargs={}, groups=None, refit=False, verbose=False, system=False, metrics=None, display=<pycaret.internal.Display.Display object at 0x7fc74037a2e0>, kwargs={})
2022-04-03 20:57:45,349:INFO:Checking exceptions
2022-04-03 20:57:45,350:INFO:Importing libraries
2022-04-03 20:57:45,350:INFO:Copying training dataset
2022-04-03 20:57:45,350:INFO:Defining folds
2022-04-03 20:57:45,350:INFO:Declaring metric variables
2022-04-03 20:57:45,354:INFO:Importing untrained model
2022-04-03 20:57:45,360:INFO:CatBoost Regressor Imported succesfully
2022-04-03 20:57:45,369:INFO:Starting cross validation
2022-04-03 20:57:45,371:INFO:Cross validating with KFold(n_splits=10, random_state=8545, shuffle=False), n_jobs=-1
2022-04-03 20:57:49,036:INFO:Calculating mean and std
2022-04-03 20:57:49,037:INFO:Creating metrics dataframe
2022-04-03 20:57:49,049:INFO:Uploading results into container
2022-04-03 20:57:49,049:INFO:Uploading model into container now
2022-04-03 20:57:49,049:INFO:create_model_container: 19
2022-04-03 20:57:49,050:INFO:master_model_container: 19
2022-04-03 20:57:49,050:INFO:display_container: 1
2022-04-03 20:57:49,050:INFO:<catboost.core.CatBoostRegressor object at 0x7fc7232af310>
2022-04-03 20:57:49,050:INFO:create_model() succesfully completed......................................
2022-04-03 20:57:49,143:INFO:SubProcess create_model() end ==================================
2022-04-03 20:57:49,143:INFO:Creating metrics dataframe
2022-04-03 20:57:49,165:INFO:Initializing create_model()
2022-04-03 20:57:49,165:INFO:create_model(estimator=GradientBoostingRegressor(alpha=0.9, ccp_alpha=0.0, criterion='friedman_mse',
                          init=None, learning_rate=0.1, loss='ls', max_depth=3,
                          max_features=None, max_leaf_nodes=None,
                          min_impurity_decrease=0.0, min_impurity_split=None,
                          min_samples_leaf=1, min_samples_split=2,
                          min_weight_fraction_leaf=0.0, n_estimators=100,
                          n_iter_no_change=None, presort='deprecated',
                          random_state=8545, subsample=1.0, tol=0.0001,
                          validation_fraction=0.1, verbose=0, warm_start=False), fold=KFold(n_splits=10, random_state=8545, shuffle=False), round=4, cross_validation=False, predict=False, fit_kwargs={}, groups=None, refit=True, verbose=False, system=False, metrics=None, display=None, kwargs={})
2022-04-03 20:57:49,165:INFO:Checking exceptions
2022-04-03 20:57:49,165:INFO:Importing libraries
2022-04-03 20:57:49,165:INFO:Copying training dataset
2022-04-03 20:57:49,165:INFO:Defining folds
2022-04-03 20:57:49,165:INFO:Declaring metric variables
2022-04-03 20:57:49,166:INFO:Importing untrained model
2022-04-03 20:57:49,166:INFO:Declaring custom model
2022-04-03 20:57:49,166:INFO:Gradient Boosting Regressor Imported succesfully
2022-04-03 20:57:49,166:INFO:Cross validation set to False
2022-04-03 20:57:49,166:INFO:Fitting Model
2022-04-03 20:57:49,234:INFO:GradientBoostingRegressor(alpha=0.9, ccp_alpha=0.0, criterion='friedman_mse',
                          init=None, learning_rate=0.1, loss='ls', max_depth=3,
                          max_features=None, max_leaf_nodes=None,
                          min_impurity_decrease=0.0, min_impurity_split=None,
                          min_samples_leaf=1, min_samples_split=2,
                          min_weight_fraction_leaf=0.0, n_estimators=100,
                          n_iter_no_change=None, presort='deprecated',
                          random_state=8545, subsample=1.0, tol=0.0001,
                          validation_fraction=0.1, verbose=0, warm_start=False)
2022-04-03 20:57:49,234:INFO:create_models() succesfully completed......................................
2022-04-03 20:57:49,340:INFO:create_model_container: 19
2022-04-03 20:57:49,341:INFO:master_model_container: 19
2022-04-03 20:57:49,341:INFO:display_container: 1
2022-04-03 20:57:49,341:INFO:GradientBoostingRegressor(alpha=0.9, ccp_alpha=0.0, criterion='friedman_mse',
                          init=None, learning_rate=0.1, loss='ls', max_depth=3,
                          max_features=None, max_leaf_nodes=None,
                          min_impurity_decrease=0.0, min_impurity_split=None,
                          min_samples_leaf=1, min_samples_split=2,
                          min_weight_fraction_leaf=0.0, n_estimators=100,
                          n_iter_no_change=None, presort='deprecated',
                          random_state=8545, subsample=1.0, tol=0.0001,
                          validation_fraction=0.1, verbose=0, warm_start=False)
2022-04-03 20:57:49,341:INFO:compare_models() succesfully completed......................................
2022-04-03 20:58:28,125:INFO:Initializing create_model()
2022-04-03 20:58:28,127:INFO:create_model(estimator=rf, fold=None, round=4, cross_validation=True, predict=True, fit_kwargs=None, groups=None, refit=True, verbose=True, system=True, metrics=None, display=None, kwargs={})
2022-04-03 20:58:28,127:INFO:Checking exceptions
2022-04-03 20:58:28,128:INFO:Preparing display monitor
2022-04-03 20:58:28,146:INFO:Importing libraries
2022-04-03 20:58:28,146:INFO:Copying training dataset
2022-04-03 20:58:28,147:INFO:Defining folds
2022-04-03 20:58:28,147:INFO:Declaring metric variables
2022-04-03 20:58:28,152:INFO:Importing untrained model
2022-04-03 20:58:28,157:INFO:Random Forest Regressor Imported succesfully
2022-04-03 20:58:28,166:INFO:Starting cross validation
2022-04-03 20:58:28,167:INFO:Cross validating with KFold(n_splits=10, random_state=8545, shuffle=False), n_jobs=-1
2022-04-03 20:58:28,628:INFO:Calculating mean and std
2022-04-03 20:58:28,628:INFO:Creating metrics dataframe
2022-04-03 20:58:28,646:INFO:Finalizing model
2022-04-03 20:58:28,775:INFO:Uploading results into container
2022-04-03 20:58:28,775:INFO:Uploading model into container now
2022-04-03 20:58:28,779:INFO:create_model_container: 20
2022-04-03 20:58:28,780:INFO:master_model_container: 20
2022-04-03 20:58:28,780:INFO:display_container: 2
2022-04-03 20:58:28,780:INFO:RandomForestRegressor(bootstrap=True, ccp_alpha=0.0, criterion='mse',
                      max_depth=None, max_features='auto', max_leaf_nodes=None,
                      max_samples=None, min_impurity_decrease=0.0,
                      min_impurity_split=None, min_samples_leaf=1,
                      min_samples_split=2, min_weight_fraction_leaf=0.0,
                      n_estimators=100, n_jobs=-1, oob_score=False,
                      random_state=8545, verbose=0, warm_start=False)
2022-04-03 20:58:28,780:INFO:create_model() succesfully completed......................................
2022-04-03 20:59:26,916:INFO:Initializing tune_model()
2022-04-03 20:59:26,916:INFO:tune_model(estimator=rf, fold=None, round=4, n_iter=10, custom_grid=None, optimize=R2, custom_scorer=None, search_library=scikit-learn, search_algorithm=None, early_stopping=False, early_stopping_max_iters=10, choose_better=False, fit_kwargs=None, groups=None, return_tuner=False, verbose=True, tuner_verbose=True, display=None, kwargs={})
2022-04-03 20:59:26,917:INFO:Checking exceptions
2022-04-03 21:00:40,834:INFO:Initializing tune_model()
2022-04-03 21:00:40,835:INFO:tune_model(estimator=RandomForestRegressor(bootstrap=True, ccp_alpha=0.0, criterion='mse',
                      max_depth=None, max_features='auto', max_leaf_nodes=None,
                      max_samples=None, min_impurity_decrease=0.0,
                      min_impurity_split=None, min_samples_leaf=1,
                      min_samples_split=2, min_weight_fraction_leaf=0.0,
                      n_estimators=100, n_jobs=-1, oob_score=False,
                      random_state=8545, verbose=0, warm_start=False), fold=None, round=4, n_iter=10, custom_grid=None, optimize=R2, custom_scorer=None, search_library=scikit-learn, search_algorithm=None, early_stopping=False, early_stopping_max_iters=10, choose_better=False, fit_kwargs=None, groups=None, return_tuner=False, verbose=True, tuner_verbose=True, display=None, kwargs={})
2022-04-03 21:00:40,835:INFO:Checking exceptions
2022-04-03 21:00:40,836:INFO:Preparing display monitor
2022-04-03 21:00:40,853:INFO:Copying training dataset
2022-04-03 21:00:40,853:INFO:Checking base model
2022-04-03 21:00:40,854:INFO:Base model : Random Forest Regressor
2022-04-03 21:00:40,860:INFO:Declaring metric variables
2022-04-03 21:00:40,866:INFO:Defining Hyperparameters
2022-04-03 21:00:40,960:INFO:Tuning with n_jobs=-1
2022-04-03 21:00:40,960:INFO:Initializing RandomizedSearchCV
2022-04-03 21:00:48,041:INFO:best_params: {'actual_estimator__n_estimators': 270, 'actual_estimator__min_samples_split': 10, 'actual_estimator__min_samples_leaf': 4, 'actual_estimator__min_impurity_decrease': 0.0001, 'actual_estimator__max_features': 'log2', 'actual_estimator__max_depth': 9, 'actual_estimator__criterion': 'mae', 'actual_estimator__bootstrap': True}
2022-04-03 21:00:48,042:INFO:Random search completed
2022-04-03 21:00:48,042:INFO:SubProcess create_model() called ==================================
2022-04-03 21:00:48,042:INFO:Initializing create_model()
2022-04-03 21:00:48,042:INFO:create_model(estimator=RandomForestRegressor(bootstrap=True, ccp_alpha=0.0, criterion='mse',
                      max_depth=None, max_features='auto', max_leaf_nodes=None,
                      max_samples=None, min_impurity_decrease=0.0,
                      min_impurity_split=None, min_samples_leaf=1,
                      min_samples_split=2, min_weight_fraction_leaf=0.0,
                      n_estimators=100, n_jobs=-1, oob_score=False,
                      random_state=8545, verbose=0, warm_start=False), fold=KFold(n_splits=10, random_state=8545, shuffle=False), round=4, cross_validation=True, predict=True, fit_kwargs={}, groups=None, refit=True, verbose=True, system=False, metrics=None, display=<pycaret.internal.Display.Display object at 0x7fc730562fd0>, kwargs={'n_estimators': 270, 'min_samples_split': 10, 'min_samples_leaf': 4, 'min_impurity_decrease': 0.0001, 'max_features': 'log2', 'max_depth': 9, 'criterion': 'mae', 'bootstrap': True})
2022-04-03 21:00:48,042:INFO:Checking exceptions
2022-04-03 21:00:48,042:INFO:Importing libraries
2022-04-03 21:00:48,042:INFO:Copying training dataset
2022-04-03 21:00:48,042:INFO:Defining folds
2022-04-03 21:00:48,042:INFO:Declaring metric variables
2022-04-03 21:00:48,046:INFO:Importing untrained model
2022-04-03 21:00:48,046:INFO:Declaring custom model
2022-04-03 21:00:48,050:INFO:Random Forest Regressor Imported succesfully
2022-04-03 21:00:48,058:INFO:Starting cross validation
2022-04-03 21:00:48,059:INFO:Cross validating with KFold(n_splits=10, random_state=8545, shuffle=False), n_jobs=-1
2022-04-03 21:00:49,475:INFO:Calculating mean and std
2022-04-03 21:00:49,476:INFO:Creating metrics dataframe
2022-04-03 21:00:49,494:INFO:Finalizing model
2022-04-03 21:00:49,989:INFO:Uploading results into container
2022-04-03 21:00:49,989:INFO:Uploading model into container now
2022-04-03 21:00:49,989:INFO:create_model_container: 21
2022-04-03 21:00:49,989:INFO:master_model_container: 21
2022-04-03 21:00:49,989:INFO:display_container: 3
2022-04-03 21:00:49,989:INFO:RandomForestRegressor(bootstrap=True, ccp_alpha=0.0, criterion='mae',
                      max_depth=9, max_features='log2', max_leaf_nodes=None,
                      max_samples=None, min_impurity_decrease=0.0001,
                      min_impurity_split=None, min_samples_leaf=4,
                      min_samples_split=10, min_weight_fraction_leaf=0.0,
                      n_estimators=270, n_jobs=-1, oob_score=False,
                      random_state=8545, verbose=0, warm_start=False)
2022-04-03 21:00:49,989:INFO:create_model() succesfully completed......................................
2022-04-03 21:00:50,092:INFO:SubProcess create_model() end ==================================
2022-04-03 21:00:50,102:INFO:create_model_container: 21
2022-04-03 21:00:50,102:INFO:master_model_container: 21
2022-04-03 21:00:50,102:INFO:display_container: 3
2022-04-03 21:00:50,102:INFO:RandomForestRegressor(bootstrap=True, ccp_alpha=0.0, criterion='mae',
                      max_depth=9, max_features='log2', max_leaf_nodes=None,
                      max_samples=None, min_impurity_decrease=0.0001,
                      min_impurity_split=None, min_samples_leaf=4,
                      min_samples_split=10, min_weight_fraction_leaf=0.0,
                      n_estimators=270, n_jobs=-1, oob_score=False,
                      random_state=8545, verbose=0, warm_start=False)
2022-04-03 21:00:50,102:INFO:tune_model() succesfully completed......................................
2022-04-03 21:14:31,504:INFO:Initializing plot_model()
2022-04-03 21:14:31,506:INFO:plot_model(plot=residuals, fold=None, use_train_data=False, verbose=True, display=None, estimator=RandomForestRegressor(bootstrap=True, ccp_alpha=0.0, criterion='mae',
                      max_depth=9, max_features='log2', max_leaf_nodes=None,
                      max_samples=None, min_impurity_decrease=0.0001,
                      min_impurity_split=None, min_samples_leaf=4,
                      min_samples_split=10, min_weight_fraction_leaf=0.0,
                      n_estimators=270, n_jobs=-1, oob_score=False,
                      random_state=8545, verbose=0, warm_start=False), feature_name=None, fit_kwargs=None, groups=None, label=False, save=False, scale=1, system=True)
2022-04-03 21:14:31,506:INFO:Checking exceptions
2022-04-03 21:14:31,534:INFO:Preparing display monitor
2022-04-03 21:14:31,539:INFO:Preloading libraries
2022-04-03 21:14:31,558:INFO:Copying training dataset
2022-04-03 21:14:31,559:INFO:Copying test dataset
2022-04-03 21:14:31,559:INFO:Plot type: residuals
2022-04-03 21:14:32,252:INFO:Fitting Model
2022-04-03 21:14:32,317:INFO:Scoring test/hold-out set
2022-04-03 21:14:32,721:INFO:Visual Rendered Successfully
2022-04-03 21:14:32,819:INFO:plot_model() succesfully completed......................................
2022-04-03 21:14:45,497:INFO:Initializing interpret_model()
2022-04-03 21:14:45,497:INFO:interpret_model(estimator=RandomForestRegressor(bootstrap=True, ccp_alpha=0.0, criterion='mae',
                      max_depth=9, max_features='log2', max_leaf_nodes=None,
                      max_samples=None, min_impurity_decrease=0.0001,
                      min_impurity_split=None, min_samples_leaf=4,
                      min_samples_split=10, min_weight_fraction_leaf=0.0,
                      n_estimators=270, n_jobs=-1, oob_score=False,
                      random_state=8545, verbose=0, warm_start=False), plot=summary, use_train_data=False, feature=None, kwargs={}, observation=None)
2022-04-03 21:14:45,499:INFO:Checking exceptions
2022-04-03 21:14:45,500:ERROR:shap library not found. pip install shap to use interpret_model function.
2022-04-03 21:17:26,668:INFO:Initializing interpret_model()
2022-04-03 21:17:26,669:INFO:interpret_model(estimator=RandomForestRegressor(bootstrap=True, ccp_alpha=0.0, criterion='mae',
                      max_depth=9, max_features='log2', max_leaf_nodes=None,
                      max_samples=None, min_impurity_decrease=0.0001,
                      min_impurity_split=None, min_samples_leaf=4,
                      min_samples_split=10, min_weight_fraction_leaf=0.0,
                      n_estimators=270, n_jobs=-1, oob_score=False,
                      random_state=8545, verbose=0, warm_start=False), plot=summary, use_train_data=False, feature=None, kwargs={}, observation=None)
2022-04-03 21:17:26,669:INFO:Checking exceptions
2022-04-03 21:17:27,746:INFO:plot type: summary
2022-04-03 21:17:27,746:INFO:Creating TreeExplainer
2022-04-03 21:17:27,756:INFO:Compiling shap values
2022-04-03 21:17:28,169:INFO:Visual Rendered Successfully
2022-04-03 21:17:28,169:INFO:interpret_model() succesfully completed......................................
2022-04-03 21:17:35,649:INFO:Initializing predict_model()
2022-04-03 21:17:35,649:INFO:predict_model(estimator=RandomForestRegressor(bootstrap=True, ccp_alpha=0.0, criterion='mse',
                      max_depth=None, max_features='auto', max_leaf_nodes=None,
                      max_samples=None, min_impurity_decrease=0.0,
                      min_impurity_split=None, min_samples_leaf=1,
                      min_samples_split=2, min_weight_fraction_leaf=0.0,
                      n_estimators=100, n_jobs=-1, oob_score=False,
                      random_state=8545, verbose=0, warm_start=False), probability_threshold=None, encoded_labels=True, round=4, verbose=True, ml_usecase=MLUsecase.REGRESSION, display=None)
2022-04-03 21:17:35,649:INFO:Checking exceptions
2022-04-03 21:17:35,650:INFO:Preloading libraries
2022-04-03 21:17:35,650:INFO:Preparing display monitor
2022-04-03 21:21:27,489:INFO:Initializing predict_model()
2022-04-03 21:21:27,492:INFO:predict_model(estimator=RandomForestRegressor(bootstrap=True, ccp_alpha=0.0, criterion='mse',
                      max_depth=None, max_features='auto', max_leaf_nodes=None,
                      max_samples=None, min_impurity_decrease=0.0,
                      min_impurity_split=None, min_samples_leaf=1,
                      min_samples_split=2, min_weight_fraction_leaf=0.0,
                      n_estimators=100, n_jobs=-1, oob_score=False,
                      random_state=8545, verbose=0, warm_start=False), probability_threshold=None, encoded_labels=True, round=4, verbose=True, ml_usecase=MLUsecase.REGRESSION, display=None)
2022-04-03 21:21:27,492:INFO:Checking exceptions
2022-04-03 21:21:27,492:INFO:Preloading libraries
2022-04-03 21:21:27,492:INFO:Preparing display monitor
